<?xml version="1.0" encoding="UTF-8"?>
<testng-results ignored="0" total="3" passed="3" failed="0" skipped="0">
  <reporter-output>
  </reporter-output>
  <suite started-at="2026-03-26T22:11:36 IST" name="SeleniumPOMSuite" finished-at="2026-03-26T22:12:06 IST" duration-ms="29983">
    <groups>
    </groups>
    <test started-at="2026-03-26T22:11:36 IST" name="CoreUiTests" finished-at="2026-03-26T22:12:06 IST" duration-ms="29983">
      <class name="com.example.framework.tests.LoginTest">
        <test-method is-config="true" signature="setUp()[pri:0, instance:com.example.framework.tests.LoginTest@1dde4cb2]" started-at="2026-03-26T22:11:36 IST" name="setUp" finished-at="2026-03-26T22:11:41 IST" duration-ms="4604" status="PASS">
          <reporter-output>
          </reporter-output>
        </test-method> <!-- setUp -->
        <test-method signature="loginWithInvalidCredentialsShouldShowErrorMessage()[pri:0, instance:com.example.framework.tests.LoginTest@1dde4cb2]" started-at="2026-03-26T22:11:41 IST" name="loginWithInvalidCredentialsShouldShowErrorMessage" finished-at="2026-03-26T22:11:41 IST" duration-ms="643" status="PASS">
          <reporter-output>
          </reporter-output>
        </test-method> <!-- loginWithInvalidCredentialsShouldShowErrorMessage -->
        <test-method is-config="true" signature="tearDown()[pri:0, instance:com.example.framework.tests.LoginTest@1dde4cb2]" started-at="2026-03-26T22:11:41 IST" name="tearDown" finished-at="2026-03-26T22:11:41 IST" duration-ms="119" status="PASS">
          <reporter-output>
          </reporter-output>
        </test-method> <!-- tearDown -->
        <test-method is-config="true" signature="setUp()[pri:0, instance:com.example.framework.tests.LoginTest@1dde4cb2]" started-at="2026-03-26T22:11:41 IST" name="setUp" finished-at="2026-03-26T22:11:43 IST" duration-ms="2001" status="PASS">
          <reporter-output>
          </reporter-output>
        </test-method> <!-- setUp -->
        <test-method signature="loginWithValidCredentialsShouldShowWelcomeMessage()[pri:0, instance:com.example.framework.tests.LoginTest@1dde4cb2]" started-at="2026-03-26T22:11:43 IST" name="loginWithValidCredentialsShouldShowWelcomeMessage" finished-at="2026-03-26T22:11:44 IST" duration-ms="537" status="PASS">
          <reporter-output>
          </reporter-output>
        </test-method> <!-- loginWithValidCredentialsShouldShowWelcomeMessage -->
        <test-method is-config="true" signature="tearDown()[pri:0, instance:com.example.framework.tests.LoginTest@1dde4cb2]" started-at="2026-03-26T22:11:44 IST" name="tearDown" finished-at="2026-03-26T22:11:44 IST" duration-ms="88" status="PASS">
          <reporter-output>
          </reporter-output>
        </test-method> <!-- tearDown -->
      </class> <!-- com.example.framework.tests.LoginTest -->
      <class name="com.example.framework.tests.LinkedInTest">
        <test-method is-config="true" signature="setUp()[pri:0, instance:com.example.framework.tests.LinkedInTest@7b9a4292]" started-at="2026-03-26T22:11:44 IST" name="setUp" finished-at="2026-03-26T22:11:46 IST" duration-ms="1817" status="PASS">
          <reporter-output>
          </reporter-output>
        </test-method> <!-- setUp -->
        <test-method signature="shouldOpenLinkedInAndLoadSignInForm()[pri:0, instance:com.example.framework.tests.LinkedInTest@7b9a4292]" started-at="2026-03-26T22:11:46 IST" name="shouldOpenLinkedInAndLoadSignInForm" finished-at="2026-03-26T22:11:57 IST" duration-ms="10981" status="PASS">
          <reporter-output>
          </reporter-output>
        </test-method> <!-- shouldOpenLinkedInAndLoadSignInForm -->
        <test-method is-config="true" signature="tearDown()[pri:0, instance:com.example.framework.tests.LinkedInTest@7b9a4292]" started-at="2026-03-26T22:11:57 IST" name="tearDown" finished-at="2026-03-26T22:12:06 IST" duration-ms="9123" status="PASS">
          <reporter-output>
          </reporter-output>
        </test-method> <!-- tearDown -->
      </class> <!-- com.example.framework.tests.LinkedInTest -->
    </test> <!-- CoreUiTests -->
  </suite> <!-- SeleniumPOMSuite -->
</testng-results>
