<?xml version="1.0" encoding="UTF-8"?>
<!-- Generated by org.testng.reporters.JUnitReportReporter -->
<testsuite hostname="MBWACV-KQ1FPVHL95" failures="0" tests="2" name="com.example.framework.tests.LoginTest" time="7.992" errors="0" timestamp="2026-03-26T22:12:06 IST" skipped="0">
  <testcase classname="com.example.framework.tests.LoginTest" name="loginWithInvalidCredentialsShouldShowErrorMessage" time="5.335"/>
  <testcase classname="com.example.framework.tests.LoginTest" name="loginWithValidCredentialsShouldShowWelcomeMessage" time="2.657"/>
</testsuite> <!-- com.example.framework.tests.LoginTest -->
