<?xml version="1.0" encoding="UTF-8"?>
<!-- Generated by org.testng.reporters.JUnitXMLReporter -->
<testsuite ignored="0" hostname="MBWACV-KQ1FPVHL95" failures="0" tests="3" name="CoreUiTests" time="29.983" errors="0" timestamp="2026-03-26T22:12:06 IST">
  <testcase classname="com.example.framework.tests.LoginTest" name="loginWithInvalidCredentialsShouldShowErrorMessage" time="0.643"/>
  <testcase classname="com.example.framework.tests.LoginTest" name="loginWithValidCredentialsShouldShowWelcomeMessage" time="0.537"/>
  <testcase classname="com.example.framework.tests.LinkedInTest" name="shouldOpenLinkedInAndLoadSignInForm" time="10.981"/>
</testsuite> <!-- CoreUiTests -->
