<?xml version="1.0" encoding="UTF-8"?>
<!-- Generated by org.testng.reporters.JUnitXMLReporter -->
<testsuite ignored="0" hostname="MBWACV-KQ1FPVHL95" failures="0" tests="2" name="LoginTests" time="3.121" errors="0" timestamp="2026-03-26T21:56:36 IST">
  <testcase classname="com.example.framework.tests.LoginTest" name="loginWithInvalidCredentialsShouldShowErrorMessage" time="0.311"/>
  <testcase classname="com.example.framework.tests.LoginTest" name="loginWithValidCredentialsShouldShowWelcomeMessage" time="0.271"/>
</testsuite> <!-- LoginTests -->
